{"timestamp":"2026-04-24T13:38:56.769Z","level":"WARN","actor":"SYSTEM","action":"STAFF_LOGIN_FAILED","email":"admin@example.com"}
{"timestamp":"2026-04-24T13:39:06.246Z","level":"WARN","actor":"SYSTEM","action":"STAFF_LOGIN_FAILED","email":"admin@example.com"}
{"timestamp":"2026-04-24T13:39:11.347Z","level":"WARN","actor":"SYSTEM","action":"STAFF_LOGIN_FAILED","email":"admin@example.com"}
{"timestamp":"2026-04-24T13:39:53.919Z","level":"WARN","actor":"SYSTEM","action":"STAFF_LOGIN_FAILED","email":"admin@example.com"}
{"timestamp":"2026-04-24T13:39:54.778Z","level":"WARN","actor":"SYSTEM","action":"STAFF_LOGIN_FAILED","email":"admin@example.com"}
{"timestamp":"2026-04-24T13:39:57.402Z","level":"WARN","actor":"SYSTEM","action":"STAFF_LOGIN_FAILED","email":"admin@example.com"}
{"timestamp":"2026-04-24T13:40:03.743Z","level":"WARN","actor":"SYSTEM","action":"STAFF_LOGIN_FAILED","email":"admin@example.com"}
{"timestamp":"2026-04-24T13:40:11.182Z","level":"WARN","actor":"SYSTEM","action":"STAFF_LOGIN_FAILED","email":"admin@example.com"}
{"timestamp":"2026-04-24T13:55:59.109Z","level":"AUDIT","actor":2,"action":"STAFF_LOGIN","userId":2,"role":"ADMIN"}
{"timestamp":"2026-04-24T16:17:48.421Z","level":"AUDIT","actor":2,"action":"STAFF_LOGIN","userId":2,"role":"ADMIN"}
{"timestamp":"2026-04-24T16:20:00.664Z","level":"AUDIT","actor":2,"action":"EXAM_CREATED","examId":1,"title":"TEST Exam","questionCount":1}
{"timestamp":"2026-04-24T16:21:04.362Z","level":"ERROR","actor":"SYSTEM","action":"UNCAUGHT_EXCEPTION","error":"Unexpected token '-', \"------WebK\"... is not valid JSON","stack":"SyntaxError: Unexpected token '-', \"------WebK\"... is not valid JSON\n    at JSON.parse (<anonymous>)\n    at createStrictSyntaxError (C:\\College Projects\\ncc-exam-portal\\backend\\node_modules\\body-parser\\lib\\types\\json.js:109:10)\n    at parse (C:\\College Projects\\ncc-exam-portal\\backend\\node_modules\\body-parser\\lib\\types\\json.js:66:15)\n    at C:\\College Projects\\ncc-exam-portal\\backend\\node_modules\\body-parser\\lib\\read.js:162:18\n    at AsyncResource.runInAsyncScope (node:async_hooks:214:14)\n    at invokeCallback (C:\\College Projects\\ncc-exam-portal\\backend\\node_modules\\raw-body\\index.js:238:16)\n    at done (C:\\College Projects\\ncc-exam-portal\\backend\\node_modules\\raw-body\\index.js:227:7)\n    at IncomingMessage.onEnd (C:\\College Projects\\ncc-exam-portal\\backend\\node_modules\\raw-body\\index.js:287:7)\n    at IncomingMessage.emit (node:events:518:28)\n    at endReadableNT (node:internal/streams/readable:1698:12)","path":"/api/admin/users/import","method":"POST"}
{"timestamp":"2026-04-24T16:22:02.464Z","level":"AUDIT","actor":2,"action":"USERS_BULK_IMPORT","count":1,"errors":0,"totalProcessed":1}
{"timestamp":"2026-04-24T16:33:43.570Z","level":"AUDIT","actor":2,"action":"STAFF_LOGIN","userId":2,"role":"ADMIN"}
{"timestamp":"2026-04-24T16:35:14.504Z","level":"AUDIT","actor":2,"action":"USER_UPDATE","targetUserId":4,"updates":["name","regimentalNumber","college","email","role"]}
{"timestamp":"2026-04-24T16:39:11.717Z","level":"AUDIT","actor":2,"action":"USER_UPDATE","targetUserId":1,"updates":["name","regimentalNumber","college","email","role"]}
{"timestamp":"2026-04-24T16:48:45.672Z","level":"WARN","actor":"SYSTEM","action":"AUTH_FAILED","reason":"Token verification failed","error":"jwt expired","path":"/users/import"}
{"timestamp":"2026-04-24T16:48:53.759Z","level":"AUDIT","actor":2,"action":"STAFF_LOGIN","userId":2,"role":"ADMIN"}
{"timestamp":"2026-04-24T17:00:14.864Z","level":"WARN","actor":2,"action":"IMPORT_VALIDATION_FAILED","rowCount":1,"errorCount":1,"firstError":{"row":1,"regNo":"123456566","error":"Regimental Number already exists"}}
{"timestamp":"2026-04-24T17:17:38.630Z","level":"AUDIT","actor":2,"action":"USER_UPDATE","targetUserId":2,"updates":["name","regimentalNumber","college","email","role","wing","batch","isActive"]}
{"timestamp":"2026-04-24T17:30:06.147Z","level":"AUDIT","actor":2,"action":"STAFF_LOGIN","userId":2,"role":"ADMIN"}
{"timestamp":"2026-04-24T17:30:42.882Z","level":"AUDIT","actor":2,"action":"STAFF_LOGIN","userId":2,"role":"ADMIN"}
{"timestamp":"2026-04-24T17:53:02.757Z","level":"WARN","actor":"SYSTEM","action":"STAFF_LOGIN_FAILED","email":"admin@example.com"}
{"timestamp":"2026-04-24T17:53:08.166Z","level":"AUDIT","actor":2,"action":"STAFF_LOGIN","userId":2,"role":"ADMIN"}
{"timestamp":"2026-04-24T17:54:32.689Z","level":"WARN","actor":"SYSTEM","action":"STAFF_LOGIN_FAILED","email":"admin@example.com"}
{"timestamp":"2026-04-24T17:54:37.920Z","level":"AUDIT","actor":2,"action":"STAFF_LOGIN","userId":2,"role":"ADMIN"}
{"timestamp":"2026-04-24T17:59:27.993Z","level":"AUDIT","actor":2,"action":"USER_MANUAL_CREATE","userId":5,"regNo":"falf5325"}
{"timestamp":"2026-04-24T18:07:27.216Z","level":"INFO","actor":1,"action":"USER_LOGIN","userId":1,"role":"STUDENT"}
{"timestamp":"2026-04-24T18:11:28.896Z","level":"INFO","actor":1,"action":"USER_LOGIN","userId":1,"role":"STUDENT"}
{"timestamp":"2026-04-24T18:13:04.668Z","level":"INFO","actor":1,"action":"USER_LOGIN","userId":1,"role":"STUDENT"}
{"timestamp":"2026-04-24T18:17:19.421Z","level":"INFO","actor":1,"action":"USER_LOGIN","userId":1,"role":"STUDENT"}
{"timestamp":"2026-04-24T18:18:48.100Z","level":"INFO","actor":1,"action":"USER_LOGIN","userId":1,"role":"STUDENT"}
{"timestamp":"2026-04-24T18:34:41.502Z","level":"INFO","actor":1,"action":"USER_LOGIN","userId":1,"role":"STUDENT"}
{"timestamp":"2026-04-24T19:09:22.929Z","level":"INFO","actor":1,"action":"USER_LOGIN","userId":1,"role":"STUDENT"}
{"timestamp":"2026-04-24T19:09:30.663Z","level":"WARN","actor":"SYSTEM","action":"AUTH_FAILED","reason":"Missing or malformed Authorization header","path":"/exams"}
{"timestamp":"2026-04-24T19:09:30.675Z","level":"WARN","actor":"SYSTEM","action":"AUTH_FAILED","reason":"Missing or malformed Authorization header","path":"/exams"}
{"timestamp":"2026-04-24T19:10:07.280Z","level":"INFO","actor":1,"action":"USER_LOGIN","userId":1,"role":"STUDENT"}
{"timestamp":"2026-04-24T19:10:14.419Z","level":"WARN","actor":"SYSTEM","action":"AUTH_FAILED","reason":"Missing or malformed Authorization header","path":"/exams"}
{"timestamp":"2026-04-24T19:10:14.454Z","level":"WARN","actor":"SYSTEM","action":"AUTH_FAILED","reason":"Missing or malformed Authorization header","path":"/exams"}
{"timestamp":"2026-04-24T19:10:23.294Z","level":"INFO","actor":1,"action":"USER_LOGIN","userId":1,"role":"STUDENT"}
{"timestamp":"2026-04-24T19:11:03.883Z","level":"INFO","actor":1,"action":"USER_LOGIN","userId":1,"role":"STUDENT"}
{"timestamp":"2026-04-24T19:11:27.728Z","level":"INFO","actor":1,"action":"USER_LOGIN","userId":1,"role":"STUDENT"}
{"timestamp":"2026-04-24T19:11:31.863Z","level":"WARN","actor":"SYSTEM","action":"AUTH_FAILED","reason":"Missing or malformed Authorization header","path":"/exams"}
{"timestamp":"2026-04-24T19:11:31.877Z","level":"WARN","actor":"SYSTEM","action":"AUTH_FAILED","reason":"Missing or malformed Authorization header","path":"/exams"}
{"timestamp":"2026-04-24T19:11:36.980Z","level":"INFO","actor":1,"action":"USER_LOGIN","userId":1,"role":"STUDENT"}
{"timestamp":"2026-04-24T19:11:54.068Z","level":"WARN","actor":"SYSTEM","action":"AUTH_FAILED","reason":"Missing or malformed Authorization header","path":"/exams"}
{"timestamp":"2026-04-24T19:11:54.090Z","level":"WARN","actor":"SYSTEM","action":"AUTH_FAILED","reason":"Missing or malformed Authorization header","path":"/exams"}
{"timestamp":"2026-04-24T19:11:57.708Z","level":"INFO","actor":1,"action":"USER_LOGIN","userId":1,"role":"STUDENT"}
{"timestamp":"2026-04-24T19:13:00.095Z","level":"INFO","actor":1,"action":"USER_LOGIN","userId":1,"role":"STUDENT"}
{"timestamp":"2026-04-24T19:13:05.825Z","level":"WARN","actor":"SYSTEM","action":"AUTH_FAILED","reason":"Missing or malformed Authorization header","path":"/exams"}
{"timestamp":"2026-04-24T19:13:05.833Z","level":"WARN","actor":"SYSTEM","action":"AUTH_FAILED","reason":"Missing or malformed Authorization header","path":"/exams"}
{"timestamp":"2026-04-24T19:13:54.455Z","level":"INFO","actor":1,"action":"USER_LOGIN","userId":1,"role":"STUDENT"}
{"timestamp":"2026-04-24T19:16:48.422Z","level":"INFO","actor":1,"action":"USER_LOGIN","userId":1,"role":"STUDENT"}
{"timestamp":"2026-04-24T19:16:52.795Z","level":"WARN","actor":"SYSTEM","action":"AUTH_FAILED","reason":"Missing or malformed Authorization header","path":"/exams"}
{"timestamp":"2026-04-24T19:16:52.807Z","level":"WARN","actor":"SYSTEM","action":"AUTH_FAILED","reason":"Missing or malformed Authorization header","path":"/exams"}
{"timestamp":"2026-04-24T19:17:15.837Z","level":"INFO","actor":1,"action":"USER_LOGIN","userId":1,"role":"STUDENT"}
{"timestamp":"2026-04-24T19:17:18.832Z","level":"WARN","actor":"SYSTEM","action":"AUTH_FAILED","reason":"Missing or malformed Authorization header","path":"/exams"}
{"timestamp":"2026-04-24T19:17:18.840Z","level":"WARN","actor":"SYSTEM","action":"AUTH_FAILED","reason":"Missing or malformed Authorization header","path":"/exams"}
{"timestamp":"2026-04-24T19:17:23.608Z","level":"INFO","actor":1,"action":"USER_LOGIN","userId":1,"role":"STUDENT"}
{"timestamp":"2026-04-24T19:18:26.197Z","level":"AUDIT","actor":2,"action":"STAFF_LOGIN","userId":2,"role":"ADMIN"}
{"timestamp":"2026-04-24T19:18:55.234Z","level":"AUDIT","actor":2,"action":"EXAM_DELETED","examId":1}
{"timestamp":"2026-04-24T19:19:45.739Z","level":"AUDIT","actor":2,"action":"EXAM_CREATED","examId":2,"title":"B-Certificate","questionCount":1}
{"timestamp":"2026-04-24T19:20:15.970Z","level":"INFO","actor":1,"action":"USER_LOGIN","userId":1,"role":"STUDENT"}
{"timestamp":"2026-04-24T19:21:23.762Z","level":"INFO","actor":1,"action":"USER_LOGIN","userId":1,"role":"STUDENT"}
{"timestamp":"2026-04-24T19:22:41.400Z","level":"INFO","actor":1,"action":"USER_LOGIN","userId":1,"role":"STUDENT"}
{"timestamp":"2026-04-24T19:22:55.714Z","level":"AUDIT","actor":2,"action":"STAFF_LOGIN","userId":2,"role":"ADMIN"}
{"timestamp":"2026-04-24T19:26:09.569Z","level":"AUDIT","actor":2,"action":"EXAM_CREATED","examId":3,"title":"TEST EXAM","questionCount":1}
{"timestamp":"2026-04-24T19:26:16.431Z","level":"AUDIT","actor":2,"action":"EXAM_STATUS_CHANGE","examId":3,"newStatus":"LIVE"}
{"timestamp":"2026-04-24T19:26:19.491Z","level":"AUDIT","actor":2,"action":"EXAM_STATUS_CHANGE","examId":2,"newStatus":"LIVE"}
{"timestamp":"2026-04-24T19:26:21.869Z","level":"AUDIT","actor":2,"action":"EXAM_STATUS_CHANGE","examId":2,"newStatus":"ARCHIVED"}
{"timestamp":"2026-04-24T19:26:23.989Z","level":"AUDIT","actor":2,"action":"EXAM_STATUS_CHANGE","examId":2,"newStatus":"LIVE"}
{"timestamp":"2026-04-24T19:27:22.870Z","level":"INFO","actor":1,"action":"USER_LOGIN","userId":1,"role":"STUDENT"}
{"timestamp":"2026-04-24T19:31:11.835Z","level":"INFO","actor":1,"action":"USER_LOGOUT","userId":1}
{"timestamp":"2026-04-24T19:31:27.510Z","level":"AUDIT","actor":2,"action":"STAFF_LOGIN","userId":2,"role":"ADMIN"}
{"timestamp":"2026-04-24T19:32:16.111Z","level":"AUDIT","actor":2,"action":"USER_UPDATE","targetUserId":3,"updates":["name","regimentalNumber","college","email","role","wing","batch","isActive"]}
{"timestamp":"2026-04-24T19:33:58.150Z","level":"INFO","actor":1,"action":"USER_LOGIN","userId":1,"role":"STUDENT"}
{"timestamp":"2026-04-24T19:45:59.551Z","level":"AUDIT","actor":2,"action":"STAFF_LOGIN","userId":2,"role":"ADMIN"}
{"timestamp":"2026-04-24T19:47:14.284Z","level":"AUDIT","actor":2,"action":"EXAM_STATUS_CHANGE","examId":3,"newStatus":"DRAFT"}
{"timestamp":"2026-04-24T19:47:18.433Z","level":"AUDIT","actor":2,"action":"EXAM_STATUS_CHANGE","examId":3,"newStatus":"ARCHIVED"}
{"timestamp":"2026-04-24T19:47:20.517Z","level":"AUDIT","actor":2,"action":"EXAM_STATUS_CHANGE","examId":2,"newStatus":"ARCHIVED"}
{"timestamp":"2026-04-24T19:51:49.745Z","level":"AUDIT","actor":2,"action":"USER_UPDATE","targetUserId":2,"updates":["name","regimentalNumber","college","email","role","wing","batch","isActive"]}
{"timestamp":"2026-04-24T19:52:27.482Z","level":"AUDIT","actor":2,"action":"EXAM_BULK_ASSIGN","examId":"3","count":2,"filters":{"wing":"","college":"MITS","batch":""}}
{"timestamp":"2026-04-24T20:00:23.391Z","level":"AUDIT","actor":2,"action":"STAFF_LOGIN","userId":2,"role":"ADMIN"}
{"timestamp":"2026-04-24T20:02:21.345Z","level":"WARN","actor":"SYSTEM","action":"LOGIN_FAILED","regimentalNumber":"123456566"}
{"timestamp":"2026-04-24T20:02:23.634Z","level":"WARN","actor":"SYSTEM","action":"LOGIN_FAILED","regimentalNumber":"123456566"}
{"timestamp":"2026-04-24T20:02:27.896Z","level":"WARN","actor":"SYSTEM","action":"LOGIN_FAILED","regimentalNumber":"123456566"}
{"timestamp":"2026-04-24T20:02:29.178Z","level":"WARN","actor":"SYSTEM","action":"LOGIN_FAILED","regimentalNumber":"123456566"}
{"timestamp":"2026-04-24T20:13:54.046Z","level":"WARN","actor":"SYSTEM","action":"STAFF_LOGIN_FAILED","email":"admin@example.com"}
{"timestamp":"2026-04-24T20:13:59.075Z","level":"WARN","actor":"SYSTEM","action":"STAFF_LOGIN_FAILED","email":"admin@example.com"}
{"timestamp":"2026-04-24T20:14:07.763Z","level":"WARN","actor":"SYSTEM","action":"STAFF_LOGIN_FAILED","email":"admin@example.com"}
{"timestamp":"2026-04-24T20:14:19.934Z","level":"WARN","actor":"SYSTEM","action":"LOGIN_FAILED","regimentalNumber":"STU001"}
{"timestamp":"2026-04-24T20:14:43.174Z","level":"INFO","actor":1,"action":"USER_LOGIN","userId":1,"role":"STUDENT"}
{"timestamp":"2026-04-24T20:14:59.323Z","level":"AUDIT","actor":2,"action":"STAFF_LOGIN","userId":2,"role":"ADMIN"}
{"timestamp":"2026-04-24T20:16:54.822Z","level":"AUDIT","actor":2,"action":"EXAM_CREATED","examId":1,"title":"CERT-B","questionCount":1}
{"timestamp":"2026-04-24T20:16:58.764Z","level":"AUDIT","actor":2,"action":"EXAM_STATUS_CHANGE","examId":1,"newStatus":"LIVE"}
{"timestamp":"2026-04-24T20:17:41.806Z","level":"AUDIT","actor":2,"action":"USER_UPDATE","targetUserId":1,"updates":["name","regimentalNumber","college","email","role","wing","batch","isActive"]}
{"timestamp":"2026-04-24T20:18:22.980Z","level":"AUDIT","actor":2,"action":"USER_UPDATE","targetUserId":1,"updates":["name","regimentalNumber","college","email","role","wing","batch","isActive"]}
{"timestamp":"2026-04-24T20:18:41.067Z","level":"AUDIT","actor":2,"action":"EXAM_BULK_ASSIGN","examId":"1","count":1,"filters":{"wing":"","college":"MITS","batch":"2026"}}
{"timestamp":"2026-04-24T20:27:01.273Z","level":"AUDIT","actor":2,"action":"USERS_BULK_IMPORT","count":1,"errors":0,"totalProcessed":1}
{"timestamp":"2026-04-24T20:27:25.676Z","level":"AUDIT","actor":2,"action":"USER_UPDATE","targetUserId":4,"updates":["name","regimentalNumber","college","password","email","role","wing","batch","isActive"]}
{"timestamp":"2026-04-24T20:28:08.176Z","level":"AUDIT","actor":2,"action":"EXAM_BULK_ASSIGN","examId":"1","count":1,"filters":{"wing":"ARMY","college":"MITS","batch":"2026"}}
{"timestamp":"2026-04-24T20:28:40.621Z","level":"INFO","actor":4,"action":"USER_LOGIN","userId":4,"role":"STUDENT"}
{"timestamp":"2026-04-24T20:28:49.118Z","level":"ERROR","actor":"SYSTEM","action":"UNCAUGHT_EXCEPTION","error":"\nInvalid `prisma.attempt.create()` invocation in\nC:\\College Projects\\ncc-exam-portal\\backend\\src\\routes\\portal.js:280:40\n\n  277   });\n  278 }\n  279 \n→ 280 const attempt = await prisma.attempt.create({\n        data: {\n          studentId: 4,\n          examId: 1,\n          status: \"IN_PROGRESS\",\n          startedAt: new Date(\"2026-04-24T20:28:49.078Z\"),\n          ~~~~~~~~~\n      ?   id?: Int,\n      ?   answers?: NullableJsonNullValueInput | Json,\n      ?   createdAt?: DateTime\n        }\n      })\n\nUnknown argument `startedAt`. Available options are marked with ?.","stack":"PrismaClientValidationError: \nInvalid `prisma.attempt.create()` invocation in\nC:\\College Projects\\ncc-exam-portal\\backend\\src\\routes\\portal.js:280:40\n\n  277   });\n  278 }\n  279 \n→ 280 const attempt = await prisma.attempt.create({\n        data: {\n          studentId: 4,\n          examId: 1,\n          status: \"IN_PROGRESS\",\n          startedAt: new Date(\"2026-04-24T20:28:49.078Z\"),\n          ~~~~~~~~~\n      ?   id?: Int,\n      ?   answers?: NullableJsonNullValueInput | Json,\n      ?   createdAt?: DateTime\n        }\n      })\n\nUnknown argument `startedAt`. Available options are marked with ?.\n    at ar (C:\\College Projects\\ncc-exam-portal\\backend\\node_modules\\@prisma\\client\\runtime\\client.js:10:1374)\n    at Gr.handleRequestError (C:\\College Projects\\ncc-exam-portal\\backend\\node_modules\\@prisma\\client\\runtime\\client.js:65:7929)\n    at Gr.handleAndLogRequestError (C:\\College Projects\\ncc-exam-portal\\backend\\node_modules\\@prisma\\client\\runtime\\client.js:65:7581)\n    at Gr.request (C:\\College Projects\\ncc-exam-portal\\backend\\node_modules\\@prisma\\client\\runtime\\client.js:65:7288)\n    at process.processTicksAndRejections (node:internal/process/task_queues:105:5)\n    at async a (C:\\College Projects\\ncc-exam-portal\\backend\\node_modules\\@prisma\\client\\runtime\\client.js:75:6730)\n    at async C:\\College Projects\\ncc-exam-portal\\backend\\src\\routes\\portal.js:280:19","path":"/api/attempt/start","method":"POST"}
{"timestamp":"2026-04-24T20:28:49.134Z","level":"ERROR","actor":"SYSTEM","action":"UNCAUGHT_EXCEPTION","error":"\nInvalid `prisma.attempt.create()` invocation in\nC:\\College Projects\\ncc-exam-portal\\backend\\src\\routes\\portal.js:280:40\n\n  277   });\n  278 }\n  279 \n→ 280 const attempt = await prisma.attempt.create({\n        data: {\n          studentId: 4,\n          examId: 1,\n          status: \"IN_PROGRESS\",\n          startedAt: new Date(\"2026-04-24T20:28:49.125Z\"),\n          ~~~~~~~~~\n      ?   id?: Int,\n      ?   answers?: NullableJsonNullValueInput | Json,\n      ?   createdAt?: DateTime\n        }\n      })\n\nUnknown argument `startedAt`. Available options are marked with ?.","stack":"PrismaClientValidationError: \nInvalid `prisma.attempt.create()` invocation in\nC:\\College Projects\\ncc-exam-portal\\backend\\src\\routes\\portal.js:280:40\n\n  277   });\n  278 }\n  279 \n→ 280 const attempt = await prisma.attempt.create({\n        data: {\n          studentId: 4,\n          examId: 1,\n          status: \"IN_PROGRESS\",\n          startedAt: new Date(\"2026-04-24T20:28:49.125Z\"),\n          ~~~~~~~~~\n      ?   id?: Int,\n      ?   answers?: NullableJsonNullValueInput | Json,\n      ?   createdAt?: DateTime\n        }\n      })\n\nUnknown argument `startedAt`. Available options are marked with ?.\n    at ar (C:\\College Projects\\ncc-exam-portal\\backend\\node_modules\\@prisma\\client\\runtime\\client.js:10:1374)\n    at Gr.handleRequestError (C:\\College Projects\\ncc-exam-portal\\backend\\node_modules\\@prisma\\client\\runtime\\client.js:65:7929)\n    at Gr.handleAndLogRequestError (C:\\College Projects\\ncc-exam-portal\\backend\\node_modules\\@prisma\\client\\runtime\\client.js:65:7581)\n    at Gr.request (C:\\College Projects\\ncc-exam-portal\\backend\\node_modules\\@prisma\\client\\runtime\\client.js:65:7288)\n    at process.processTicksAndRejections (node:internal/process/task_queues:105:5)\n    at async a (C:\\College Projects\\ncc-exam-portal\\backend\\node_modules\\@prisma\\client\\runtime\\client.js:75:6730)\n    at async C:\\College Projects\\ncc-exam-portal\\backend\\src\\routes\\portal.js:280:19","path":"/api/attempt/start","method":"POST"}
{"timestamp":"2026-04-24T20:28:55.202Z","level":"ERROR","actor":"SYSTEM","action":"UNCAUGHT_EXCEPTION","error":"\nInvalid `prisma.attempt.create()` invocation in\nC:\\College Projects\\ncc-exam-portal\\backend\\src\\routes\\portal.js:280:40\n\n  277   });\n  278 }\n  279 \n→ 280 const attempt = await prisma.attempt.create({\n        data: {\n          studentId: 4,\n          examId: 1,\n          status: \"IN_PROGRESS\",\n          startedAt: new Date(\"2026-04-24T20:28:55.194Z\"),\n          ~~~~~~~~~\n      ?   id?: Int,\n      ?   answers?: NullableJsonNullValueInput | Json,\n      ?   createdAt?: DateTime\n        }\n      })\n\nUnknown argument `startedAt`. Available options are marked with ?.","stack":"PrismaClientValidationError: \nInvalid `prisma.attempt.create()` invocation in\nC:\\College Projects\\ncc-exam-portal\\backend\\src\\routes\\portal.js:280:40\n\n  277   });\n  278 }\n  279 \n→ 280 const attempt = await prisma.attempt.create({\n        data: {\n          studentId: 4,\n          examId: 1,\n          status: \"IN_PROGRESS\",\n          startedAt: new Date(\"2026-04-24T20:28:55.194Z\"),\n          ~~~~~~~~~\n      ?   id?: Int,\n      ?   answers?: NullableJsonNullValueInput | Json,\n      ?   createdAt?: DateTime\n        }\n      })\n\nUnknown argument `startedAt`. Available options are marked with ?.\n    at ar (C:\\College Projects\\ncc-exam-portal\\backend\\node_modules\\@prisma\\client\\runtime\\client.js:10:1374)\n    at Gr.handleRequestError (C:\\College Projects\\ncc-exam-portal\\backend\\node_modules\\@prisma\\client\\runtime\\client.js:65:7929)\n    at Gr.handleAndLogRequestError (C:\\College Projects\\ncc-exam-portal\\backend\\node_modules\\@prisma\\client\\runtime\\client.js:65:7581)\n    at Gr.request (C:\\College Projects\\ncc-exam-portal\\backend\\node_modules\\@prisma\\client\\runtime\\client.js:65:7288)\n    at process.processTicksAndRejections (node:internal/process/task_queues:105:5)\n    at async a (C:\\College Projects\\ncc-exam-portal\\backend\\node_modules\\@prisma\\client\\runtime\\client.js:75:6730)\n    at async C:\\College Projects\\ncc-exam-portal\\backend\\src\\routes\\portal.js:280:19","path":"/api/attempt/start","method":"POST"}
{"timestamp":"2026-04-24T20:28:55.218Z","level":"ERROR","actor":"SYSTEM","action":"UNCAUGHT_EXCEPTION","error":"\nInvalid `prisma.attempt.create()` invocation in\nC:\\College Projects\\ncc-exam-portal\\backend\\src\\routes\\portal.js:280:40\n\n  277   });\n  278 }\n  279 \n→ 280 const attempt = await prisma.attempt.create({\n        data: {\n          studentId: 4,\n          examId: 1,\n          status: \"IN_PROGRESS\",\n          startedAt: new Date(\"2026-04-24T20:28:55.210Z\"),\n          ~~~~~~~~~\n      ?   id?: Int,\n      ?   answers?: NullableJsonNullValueInput | Json,\n      ?   createdAt?: DateTime\n        }\n      })\n\nUnknown argument `startedAt`. Available options are marked with ?.","stack":"PrismaClientValidationError: \nInvalid `prisma.attempt.create()` invocation in\nC:\\College Projects\\ncc-exam-portal\\backend\\src\\routes\\portal.js:280:40\n\n  277   });\n  278 }\n  279 \n→ 280 const attempt = await prisma.attempt.create({\n        data: {\n          studentId: 4,\n          examId: 1,\n          status: \"IN_PROGRESS\",\n          startedAt: new Date(\"2026-04-24T20:28:55.210Z\"),\n          ~~~~~~~~~\n      ?   id?: Int,\n      ?   answers?: NullableJsonNullValueInput | Json,\n      ?   createdAt?: DateTime\n        }\n      })\n\nUnknown argument `startedAt`. Available options are marked with ?.\n    at ar (C:\\College Projects\\ncc-exam-portal\\backend\\node_modules\\@prisma\\client\\runtime\\client.js:10:1374)\n    at Gr.handleRequestError (C:\\College Projects\\ncc-exam-portal\\backend\\node_modules\\@prisma\\client\\runtime\\client.js:65:7929)\n    at Gr.handleAndLogRequestError (C:\\College Projects\\ncc-exam-portal\\backend\\node_modules\\@prisma\\client\\runtime\\client.js:65:7581)\n    at Gr.request (C:\\College Projects\\ncc-exam-portal\\backend\\node_modules\\@prisma\\client\\runtime\\client.js:65:7288)\n    at process.processTicksAndRejections (node:internal/process/task_queues:105:5)\n    at async a (C:\\College Projects\\ncc-exam-portal\\backend\\node_modules\\@prisma\\client\\runtime\\client.js:75:6730)\n    at async C:\\College Projects\\ncc-exam-portal\\backend\\src\\routes\\portal.js:280:19","path":"/api/attempt/start","method":"POST"}
{"timestamp":"2026-04-24T20:31:48.899Z","level":"ERROR","actor":"SYSTEM","action":"UNCAUGHT_EXCEPTION","error":"\nInvalid `prisma.attempt.create()` invocation in\nC:\\College Projects\\ncc-exam-portal\\backend\\src\\routes\\portal.js:280:40\n\n  277   });\n  278 }\n  279 \n→ 280 const attempt = await prisma.attempt.create({\n        data: {\n          studentId: 4,\n          examId: 1,\n          status: \"IN_PROGRESS\",\n          startedAt: new Date(\"2026-04-24T20:31:48.852Z\"),\n          ~~~~~~~~~\n      ?   id?: Int,\n      ?   answers?: NullableJsonNullValueInput | Json,\n      ?   createdAt?: DateTime\n        }\n      })\n\nUnknown argument `startedAt`. Available options are marked with ?.","stack":"PrismaClientValidationError: \nInvalid `prisma.attempt.create()` invocation in\nC:\\College Projects\\ncc-exam-portal\\backend\\src\\routes\\portal.js:280:40\n\n  277   });\n  278 }\n  279 \n→ 280 const attempt = await prisma.attempt.create({\n        data: {\n          studentId: 4,\n          examId: 1,\n          status: \"IN_PROGRESS\",\n          startedAt: new Date(\"2026-04-24T20:31:48.852Z\"),\n          ~~~~~~~~~\n      ?   id?: Int,\n      ?   answers?: NullableJsonNullValueInput | Json,\n      ?   createdAt?: DateTime\n        }\n      })\n\nUnknown argument `startedAt`. Available options are marked with ?.\n    at ar (C:\\College Projects\\ncc-exam-portal\\backend\\node_modules\\@prisma\\client\\runtime\\client.js:10:1374)\n    at Gr.handleRequestError (C:\\College Projects\\ncc-exam-portal\\backend\\node_modules\\@prisma\\client\\runtime\\client.js:65:7929)\n    at Gr.handleAndLogRequestError (C:\\College Projects\\ncc-exam-portal\\backend\\node_modules\\@prisma\\client\\runtime\\client.js:65:7581)\n    at Gr.request (C:\\College Projects\\ncc-exam-portal\\backend\\node_modules\\@prisma\\client\\runtime\\client.js:65:7288)\n    at process.processTicksAndRejections (node:internal/process/task_queues:105:5)\n    at async a (C:\\College Projects\\ncc-exam-portal\\backend\\node_modules\\@prisma\\client\\runtime\\client.js:75:6730)\n    at async C:\\College Projects\\ncc-exam-portal\\backend\\src\\routes\\portal.js:280:19","path":"/api/attempt/start","method":"POST"}
{"timestamp":"2026-04-24T20:31:48.921Z","level":"ERROR","actor":"SYSTEM","action":"UNCAUGHT_EXCEPTION","error":"\nInvalid `prisma.attempt.create()` invocation in\nC:\\College Projects\\ncc-exam-portal\\backend\\src\\routes\\portal.js:280:40\n\n  277   });\n  278 }\n  279 \n→ 280 const attempt = await prisma.attempt.create({\n        data: {\n          studentId: 4,\n          examId: 1,\n          status: \"IN_PROGRESS\",\n          startedAt: new Date(\"2026-04-24T20:31:48.909Z\"),\n          ~~~~~~~~~\n      ?   id?: Int,\n      ?   answers?: NullableJsonNullValueInput | Json,\n      ?   createdAt?: DateTime\n        }\n      })\n\nUnknown argument `startedAt`. Available options are marked with ?.","stack":"PrismaClientValidationError: \nInvalid `prisma.attempt.create()` invocation in\nC:\\College Projects\\ncc-exam-portal\\backend\\src\\routes\\portal.js:280:40\n\n  277   });\n  278 }\n  279 \n→ 280 const attempt = await prisma.attempt.create({\n        data: {\n          studentId: 4,\n          examId: 1,\n          status: \"IN_PROGRESS\",\n          startedAt: new Date(\"2026-04-24T20:31:48.909Z\"),\n          ~~~~~~~~~\n      ?   id?: Int,\n      ?   answers?: NullableJsonNullValueInput | Json,\n      ?   createdAt?: DateTime\n        }\n      })\n\nUnknown argument `startedAt`. Available options are marked with ?.\n    at ar (C:\\College Projects\\ncc-exam-portal\\backend\\node_modules\\@prisma\\client\\runtime\\client.js:10:1374)\n    at Gr.handleRequestError (C:\\College Projects\\ncc-exam-portal\\backend\\node_modules\\@prisma\\client\\runtime\\client.js:65:7929)\n    at Gr.handleAndLogRequestError (C:\\College Projects\\ncc-exam-portal\\backend\\node_modules\\@prisma\\client\\runtime\\client.js:65:7581)\n    at Gr.request (C:\\College Projects\\ncc-exam-portal\\backend\\node_modules\\@prisma\\client\\runtime\\client.js:65:7288)\n    at process.processTicksAndRejections (node:internal/process/task_queues:105:5)\n    at async a (C:\\College Projects\\ncc-exam-portal\\backend\\node_modules\\@prisma\\client\\runtime\\client.js:75:6730)\n    at async C:\\College Projects\\ncc-exam-portal\\backend\\src\\routes\\portal.js:280:19","path":"/api/attempt/start","method":"POST"}
{"timestamp":"2026-04-24T20:31:52.081Z","level":"ERROR","actor":"SYSTEM","action":"UNCAUGHT_EXCEPTION","error":"\nInvalid `prisma.attempt.create()` invocation in\nC:\\College Projects\\ncc-exam-portal\\backend\\src\\routes\\portal.js:280:40\n\n  277   });\n  278 }\n  279 \n→ 280 const attempt = await prisma.attempt.create({\n        data: {\n          studentId: 4,\n          examId: 1,\n          status: \"IN_PROGRESS\",\n          startedAt: new Date(\"2026-04-24T20:31:52.069Z\"),\n          ~~~~~~~~~\n      ?   id?: Int,\n      ?   answers?: NullableJsonNullValueInput | Json,\n      ?   createdAt?: DateTime\n        }\n      })\n\nUnknown argument `startedAt`. Available options are marked with ?.","stack":"PrismaClientValidationError: \nInvalid `prisma.attempt.create()` invocation in\nC:\\College Projects\\ncc-exam-portal\\backend\\src\\routes\\portal.js:280:40\n\n  277   });\n  278 }\n  279 \n→ 280 const attempt = await prisma.attempt.create({\n        data: {\n          studentId: 4,\n          examId: 1,\n          status: \"IN_PROGRESS\",\n          startedAt: new Date(\"2026-04-24T20:31:52.069Z\"),\n          ~~~~~~~~~\n      ?   id?: Int,\n      ?   answers?: NullableJsonNullValueInput | Json,\n      ?   createdAt?: DateTime\n        }\n      })\n\nUnknown argument `startedAt`. Available options are marked with ?.\n    at ar (C:\\College Projects\\ncc-exam-portal\\backend\\node_modules\\@prisma\\client\\runtime\\client.js:10:1374)\n    at Gr.handleRequestError (C:\\College Projects\\ncc-exam-portal\\backend\\node_modules\\@prisma\\client\\runtime\\client.js:65:7929)\n    at Gr.handleAndLogRequestError (C:\\College Projects\\ncc-exam-portal\\backend\\node_modules\\@prisma\\client\\runtime\\client.js:65:7581)\n    at Gr.request (C:\\College Projects\\ncc-exam-portal\\backend\\node_modules\\@prisma\\client\\runtime\\client.js:65:7288)\n    at process.processTicksAndRejections (node:internal/process/task_queues:105:5)\n    at async a (C:\\College Projects\\ncc-exam-portal\\backend\\node_modules\\@prisma\\client\\runtime\\client.js:75:6730)\n    at async C:\\College Projects\\ncc-exam-portal\\backend\\src\\routes\\portal.js:280:19","path":"/api/attempt/start","method":"POST"}
{"timestamp":"2026-04-24T20:31:52.099Z","level":"ERROR","actor":"SYSTEM","action":"UNCAUGHT_EXCEPTION","error":"\nInvalid `prisma.attempt.create()` invocation in\nC:\\College Projects\\ncc-exam-portal\\backend\\src\\routes\\portal.js:280:40\n\n  277   });\n  278 }\n  279 \n→ 280 const attempt = await prisma.attempt.create({\n        data: {\n          studentId: 4,\n          examId: 1,\n          status: \"IN_PROGRESS\",\n          startedAt: new Date(\"2026-04-24T20:31:52.091Z\"),\n          ~~~~~~~~~\n      ?   id?: Int,\n      ?   answers?: NullableJsonNullValueInput | Json,\n      ?   createdAt?: DateTime\n        }\n      })\n\nUnknown argument `startedAt`. Available options are marked with ?.","stack":"PrismaClientValidationError: \nInvalid `prisma.attempt.create()` invocation in\nC:\\College Projects\\ncc-exam-portal\\backend\\src\\routes\\portal.js:280:40\n\n  277   });\n  278 }\n  279 \n→ 280 const attempt = await prisma.attempt.create({\n        data: {\n          studentId: 4,\n          examId: 1,\n          status: \"IN_PROGRESS\",\n          startedAt: new Date(\"2026-04-24T20:31:52.091Z\"),\n          ~~~~~~~~~\n      ?   id?: Int,\n      ?   answers?: NullableJsonNullValueInput | Json,\n      ?   createdAt?: DateTime\n        }\n      })\n\nUnknown argument `startedAt`. Available options are marked with ?.\n    at ar (C:\\College Projects\\ncc-exam-portal\\backend\\node_modules\\@prisma\\client\\runtime\\client.js:10:1374)\n    at Gr.handleRequestError (C:\\College Projects\\ncc-exam-portal\\backend\\node_modules\\@prisma\\client\\runtime\\client.js:65:7929)\n    at Gr.handleAndLogRequestError (C:\\College Projects\\ncc-exam-portal\\backend\\node_modules\\@prisma\\client\\runtime\\client.js:65:7581)\n    at Gr.request (C:\\College Projects\\ncc-exam-portal\\backend\\node_modules\\@prisma\\client\\runtime\\client.js:65:7288)\n    at process.processTicksAndRejections (node:internal/process/task_queues:105:5)\n    at async a (C:\\College Projects\\ncc-exam-portal\\backend\\node_modules\\@prisma\\client\\runtime\\client.js:75:6730)\n    at async C:\\College Projects\\ncc-exam-portal\\backend\\src\\routes\\portal.js:280:19","path":"/api/attempt/start","method":"POST"}
{"timestamp":"2026-04-24T20:34:07.404Z","level":"INFO","actor":4,"action":"EXAM_START","examId":1,"studentId":4}
{"timestamp":"2026-04-24T20:35:00.589Z","level":"AUDIT","actor":4,"action":"EXAM_SUBMIT","examId":1,"score":0,"correct":0,"total":1}
{"timestamp":"2026-04-24T20:35:51.048Z","level":"AUDIT","actor":2,"action":"STAFF_LOGIN","userId":2,"role":"ADMIN"}
{"timestamp":"2026-04-24T20:38:20.989Z","level":"AUDIT","actor":2,"action":"EXAM_BULK_ASSIGN","examId":"1","count":0,"filters":{}}
{"timestamp":"2026-04-24T20:41:06.293Z","level":"AUDIT","actor":2,"action":"EXAM_BULK_ASSIGN","examId":"1","count":0,"filters":{}}
{"timestamp":"2026-04-24T20:41:39.523Z","level":"AUDIT","actor":2,"action":"EXAM_CREATED","examId":2,"title":"TEST","questionCount":1}
{"timestamp":"2026-04-24T20:41:54.541Z","level":"INFO","actor":1,"action":"USER_LOGIN","userId":1,"role":"STUDENT"}
{"timestamp":"2026-04-24T20:41:57.477Z","level":"INFO","actor":1,"action":"EXAM_START","examId":1,"studentId":1}
{"timestamp":"2026-04-24T20:41:57.508Z","level":"ERROR","actor":"SYSTEM","action":"UNCAUGHT_EXCEPTION","error":"\nInvalid `prisma.attempt.create()` invocation in\nC:\\College Projects\\ncc-exam-portal\\backend\\src\\routes\\portal.js:280:40\n\n  277   });\n  278 }\n  279 \n→ 280 const attempt = await prisma.attempt.create(\nUnique constraint failed on the fields: (`\"studentId\"`, `\"examId\"`)","stack":"PrismaClientKnownRequestError: \nInvalid `prisma.attempt.create()` invocation in\nC:\\College Projects\\ncc-exam-portal\\backend\\src\\routes\\portal.js:280:40\n\n  277   });\n  278 }\n  279 \n→ 280 const attempt = await prisma.attempt.create(\nUnique constraint failed on the fields: (`\"studentId\"`, `\"examId\"`)\n    at Gr.handleRequestError (C:\\College Projects\\ncc-exam-portal\\backend\\node_modules\\@prisma\\client\\runtime\\client.js:65:8286)\n    at Gr.handleAndLogRequestError (C:\\College Projects\\ncc-exam-portal\\backend\\node_modules\\@prisma\\client\\runtime\\client.js:65:7581)\n    at Gr.request (C:\\College Projects\\ncc-exam-portal\\backend\\node_modules\\@prisma\\client\\runtime\\client.js:65:7288)\n    at process.processTicksAndRejections (node:internal/process/task_queues:105:5)\n    at async a (C:\\College Projects\\ncc-exam-portal\\backend\\node_modules\\@prisma\\client\\runtime\\client.js:75:6730)\n    at async C:\\College Projects\\ncc-exam-portal\\backend\\src\\routes\\portal.js:280:19","path":"/api/attempt/start","method":"POST"}
{"timestamp":"2026-04-24T20:42:52.022Z","level":"AUDIT","actor":1,"action":"EXAM_SUBMIT","examId":1,"score":0,"correct":0,"total":1}
{"timestamp":"2026-04-24T20:43:05.481Z","level":"INFO","actor":1,"action":"USER_LOGOUT","userId":1}
{"timestamp":"2026-04-24T20:43:12.791Z","level":"INFO","actor":1,"action":"USER_LOGIN","userId":1,"role":"STUDENT"}
{"timestamp":"2026-04-24T20:43:44.443Z","level":"AUDIT","actor":2,"action":"EXAM_BULK_ASSIGN","examId":"2","count":2,"filters":{}}
{"timestamp":"2026-04-24T20:43:56.462Z","level":"INFO","actor":1,"action":"USER_LOGIN","userId":1,"role":"STUDENT"}
{"timestamp":"2026-04-24T20:45:41.499Z","level":"AUDIT","actor":2,"action":"EXAM_STATUS_CHANGE","examId":2,"newStatus":"LIVE"}
{"timestamp":"2026-04-24T20:45:49.913Z","level":"INFO","actor":1,"action":"USER_LOGIN","userId":1,"role":"STUDENT"}
{"timestamp":"2026-04-24T20:45:53.068Z","level":"INFO","actor":1,"action":"EXAM_START","examId":2,"studentId":1}
{"timestamp":"2026-04-24T20:45:53.083Z","level":"ERROR","actor":"SYSTEM","action":"UNCAUGHT_EXCEPTION","error":"\nInvalid `prisma.attempt.create()` invocation in\nC:\\College Projects\\ncc-exam-portal\\backend\\src\\routes\\portal.js:280:40\n\n  277   });\n  278 }\n  279 \n→ 280 const attempt = await prisma.attempt.create(\nUnique constraint failed on the fields: (`\"studentId\"`, `\"examId\"`)","stack":"PrismaClientKnownRequestError: \nInvalid `prisma.attempt.create()` invocation in\nC:\\College Projects\\ncc-exam-portal\\backend\\src\\routes\\portal.js:280:40\n\n  277   });\n  278 }\n  279 \n→ 280 const attempt = await prisma.attempt.create(\nUnique constraint failed on the fields: (`\"studentId\"`, `\"examId\"`)\n    at Gr.handleRequestError (C:\\College Projects\\ncc-exam-portal\\backend\\node_modules\\@prisma\\client\\runtime\\client.js:65:8286)\n    at Gr.handleAndLogRequestError (C:\\College Projects\\ncc-exam-portal\\backend\\node_modules\\@prisma\\client\\runtime\\client.js:65:7581)\n    at Gr.request (C:\\College Projects\\ncc-exam-portal\\backend\\node_modules\\@prisma\\client\\runtime\\client.js:65:7288)\n    at process.processTicksAndRejections (node:internal/process/task_queues:105:5)\n    at async a (C:\\College Projects\\ncc-exam-portal\\backend\\node_modules\\@prisma\\client\\runtime\\client.js:75:6730)\n    at async C:\\College Projects\\ncc-exam-portal\\backend\\src\\routes\\portal.js:280:19","path":"/api/attempt/start","method":"POST"}
{"timestamp":"2026-04-24T20:47:56.047Z","level":"WARN","actor":1,"action":"PROCTOR_VIOLATION","attemptId":4,"warningCount":1,"terminate":false}
{"timestamp":"2026-04-24T20:48:03.067Z","level":"WARN","actor":1,"action":"PROCTOR_VIOLATION","attemptId":4,"warningCount":2,"terminate":false}
{"timestamp":"2026-04-24T20:48:08.772Z","level":"AUDIT","actor":1,"action":"EXAM_SUBMIT","examId":2,"score":100,"correct":1,"total":1}
{"timestamp":"2026-04-24T20:53:28.607Z","level":"AUDIT","actor":2,"action":"EXAM_CREATED","examId":3,"title":"Exam-1","questionCount":5}
{"timestamp":"2026-04-24T20:53:50.414Z","level":"AUDIT","actor":2,"action":"EXAM_BULK_ASSIGN","examId":"3","count":2,"filters":{}}
{"timestamp":"2026-04-24T20:53:54.363Z","level":"AUDIT","actor":2,"action":"EXAM_STATUS_CHANGE","examId":3,"newStatus":"LIVE"}
{"timestamp":"2026-04-24T20:56:02.103Z","level":"INFO","actor":1,"action":"EXAM_START","examId":3,"studentId":1}
{"timestamp":"2026-04-24T20:56:02.146Z","level":"ERROR","actor":"SYSTEM","action":"UNCAUGHT_EXCEPTION","error":"\nInvalid `prisma.attempt.create()` invocation in\nC:\\College Projects\\ncc-exam-portal\\backend\\src\\routes\\portal.js:280:40\n\n  277   });\n  278 }\n  279 \n→ 280 const attempt = await prisma.attempt.create(\nUnique constraint failed on the fields: (`\"studentId\"`, `\"examId\"`)","stack":"PrismaClientKnownRequestError: \nInvalid `prisma.attempt.create()` invocation in\nC:\\College Projects\\ncc-exam-portal\\backend\\src\\routes\\portal.js:280:40\n\n  277   });\n  278 }\n  279 \n→ 280 const attempt = await prisma.attempt.create(\nUnique constraint failed on the fields: (`\"studentId\"`, `\"examId\"`)\n    at Gr.handleRequestError (C:\\College Projects\\ncc-exam-portal\\backend\\node_modules\\@prisma\\client\\runtime\\client.js:65:8286)\n    at Gr.handleAndLogRequestError (C:\\College Projects\\ncc-exam-portal\\backend\\node_modules\\@prisma\\client\\runtime\\client.js:65:7581)\n    at Gr.request (C:\\College Projects\\ncc-exam-portal\\backend\\node_modules\\@prisma\\client\\runtime\\client.js:65:7288)\n    at process.processTicksAndRejections (node:internal/process/task_queues:105:5)\n    at async a (C:\\College Projects\\ncc-exam-portal\\backend\\node_modules\\@prisma\\client\\runtime\\client.js:75:6730)\n    at async C:\\College Projects\\ncc-exam-portal\\backend\\src\\routes\\portal.js:280:19","path":"/api/attempt/start","method":"POST"}
{"timestamp":"2026-04-24T20:56:58.356Z","level":"WARN","actor":1,"action":"PROCTOR_VIOLATION","attemptId":6,"warningCount":1,"violationType":"UNKNOWN","terminate":false}
{"timestamp":"2026-04-24T20:57:12.141Z","level":"AUDIT","actor":1,"action":"EXAM_SUBMIT","examId":3,"score":60,"correct":3,"total":5}
{"timestamp":"2026-04-24T20:57:12.154Z","level":"AUDIT","actor":1,"action":"EXAM_SUBMIT","examId":3,"score":60,"correct":3,"total":5}
{"timestamp":"2026-04-24T21:00:55.232Z","level":"AUDIT","actor":2,"action":"EXAM_DELETED","examId":3}
{"timestamp":"2026-04-24T21:01:19.623Z","level":"INFO","actor":1,"action":"USER_LOGIN","userId":1,"role":"STUDENT"}
{"timestamp":"2026-04-24T21:02:12.772Z","level":"AUDIT","actor":2,"action":"EXAM_CREATED","examId":4,"title":"EXAM-2","questionCount":2}
{"timestamp":"2026-04-24T21:02:15.830Z","level":"AUDIT","actor":2,"action":"EXAM_STATUS_CHANGE","examId":4,"newStatus":"LIVE"}
{"timestamp":"2026-04-24T21:02:37.568Z","level":"AUDIT","actor":2,"action":"EXAM_BULK_ASSIGN","examId":"4","count":2,"filters":{}}
{"timestamp":"2026-04-24T21:02:55.144Z","level":"INFO","actor":1,"action":"EXAM_START","examId":4,"studentId":1}
{"timestamp":"2026-04-24T21:02:55.157Z","level":"ERROR","actor":"SYSTEM","action":"UNCAUGHT_EXCEPTION","error":"\nInvalid `prisma.attempt.create()` invocation in\nC:\\College Projects\\ncc-exam-portal\\backend\\src\\routes\\portal.js:280:40\n\n  277   });\n  278 }\n  279 \n→ 280 const attempt = await prisma.attempt.create(\nUnique constraint failed on the fields: (`\"studentId\"`, `\"examId\"`)","stack":"PrismaClientKnownRequestError: \nInvalid `prisma.attempt.create()` invocation in\nC:\\College Projects\\ncc-exam-portal\\backend\\src\\routes\\portal.js:280:40\n\n  277   });\n  278 }\n  279 \n→ 280 const attempt = await prisma.attempt.create(\nUnique constraint failed on the fields: (`\"studentId\"`, `\"examId\"`)\n    at Gr.handleRequestError (C:\\College Projects\\ncc-exam-portal\\backend\\node_modules\\@prisma\\client\\runtime\\client.js:65:8286)\n    at Gr.handleAndLogRequestError (C:\\College Projects\\ncc-exam-portal\\backend\\node_modules\\@prisma\\client\\runtime\\client.js:65:7581)\n    at Gr.request (C:\\College Projects\\ncc-exam-portal\\backend\\node_modules\\@prisma\\client\\runtime\\client.js:65:7288)\n    at process.processTicksAndRejections (node:internal/process/task_queues:105:5)\n    at async a (C:\\College Projects\\ncc-exam-portal\\backend\\node_modules\\@prisma\\client\\runtime\\client.js:75:6730)\n    at async C:\\College Projects\\ncc-exam-portal\\backend\\src\\routes\\portal.js:280:19","path":"/api/attempt/start","method":"POST"}
{"timestamp":"2026-04-24T21:03:02.484Z","level":"WARN","actor":"SYSTEM","action":"AUTH_FAILED","reason":"Missing or malformed Authorization header","path":"/attempt/start"}
{"timestamp":"2026-04-24T21:03:02.491Z","level":"WARN","actor":"SYSTEM","action":"AUTH_FAILED","reason":"Missing or malformed Authorization header","path":"/attempt/start"}
{"timestamp":"2026-04-24T21:03:17.129Z","level":"WARN","actor":1,"action":"PROCTOR_VIOLATION","attemptId":8,"warningCount":1,"violationType":"UNKNOWN","terminate":false}
{"timestamp":"2026-04-24T21:03:22.303Z","level":"WARN","actor":1,"action":"PROCTOR_VIOLATION","attemptId":8,"warningCount":2,"violationType":"UNKNOWN","terminate":false}
{"timestamp":"2026-04-24T21:03:24.754Z","level":"WARN","actor":1,"action":"PROCTOR_VIOLATION","attemptId":8,"warningCount":3,"violationType":"UNKNOWN","terminate":true}
{"timestamp":"2026-04-24T21:03:25.041Z","level":"AUDIT","actor":1,"action":"EXAM_SUBMIT","examId":4,"score":50,"correct":1,"total":2}
{"timestamp":"2026-04-24T21:04:10.416Z","level":"INFO","actor":1,"action":"USER_LOGIN","userId":1,"role":"STUDENT"}
{"timestamp":"2026-04-24T21:14:35.386Z","level":"AUDIT","actor":2,"action":"EXAM_DELETED","examId":4}
{"timestamp":"2026-04-24T21:14:59.311Z","level":"AUDIT","actor":2,"action":"EXAM_CREATED","examId":5,"title":"jh","questionCount":1}
{"timestamp":"2026-04-24T21:15:02.115Z","level":"AUDIT","actor":2,"action":"EXAM_STATUS_CHANGE","examId":5,"newStatus":"LIVE"}
{"timestamp":"2026-04-24T21:15:19.234Z","level":"AUDIT","actor":2,"action":"EXAM_BULK_ASSIGN","examId":"5","count":2,"filters":{}}
{"timestamp":"2026-04-24T21:15:26.928Z","level":"WARN","actor":"SYSTEM","action":"AUTH_FAILED","reason":"Missing or malformed Authorization header","path":"/attempt/start"}
{"timestamp":"2026-04-24T21:15:26.933Z","level":"WARN","actor":"SYSTEM","action":"AUTH_FAILED","reason":"Missing or malformed Authorization header","path":"/attempt/start"}
{"timestamp":"2026-04-24T21:15:27.167Z","level":"INFO","actor":1,"action":"EXAM_START","examId":5,"studentId":1}
{"timestamp":"2026-04-24T21:15:27.176Z","level":"ERROR","actor":"SYSTEM","action":"UNCAUGHT_EXCEPTION","error":"\nInvalid `prisma.attempt.create()` invocation in\nC:\\College Projects\\ncc-exam-portal\\backend\\src\\routes\\portal.js:280:40\n\n  277   });\n  278 }\n  279 \n→ 280 const attempt = await prisma.attempt.create(\nUnique constraint failed on the fields: (`\"studentId\"`, `\"examId\"`)","stack":"PrismaClientKnownRequestError: \nInvalid `prisma.attempt.create()` invocation in\nC:\\College Projects\\ncc-exam-portal\\backend\\src\\routes\\portal.js:280:40\n\n  277   });\n  278 }\n  279 \n→ 280 const attempt = await prisma.attempt.create(\nUnique constraint failed on the fields: (`\"studentId\"`, `\"examId\"`)\n    at Gr.handleRequestError (C:\\College Projects\\ncc-exam-portal\\backend\\node_modules\\@prisma\\client\\runtime\\client.js:65:8286)\n    at Gr.handleAndLogRequestError (C:\\College Projects\\ncc-exam-portal\\backend\\node_modules\\@prisma\\client\\runtime\\client.js:65:7581)\n    at Gr.request (C:\\College Projects\\ncc-exam-portal\\backend\\node_modules\\@prisma\\client\\runtime\\client.js:65:7288)\n    at process.processTicksAndRejections (node:internal/process/task_queues:105:5)\n    at async a (C:\\College Projects\\ncc-exam-portal\\backend\\node_modules\\@prisma\\client\\runtime\\client.js:75:6730)\n    at async C:\\College Projects\\ncc-exam-portal\\backend\\src\\routes\\portal.js:280:19","path":"/api/attempt/start","method":"POST"}
{"timestamp":"2026-04-24T21:15:40.391Z","level":"INFO","actor":1,"action":"USER_LOGIN","userId":1,"role":"STUDENT"}
{"timestamp":"2026-04-24T21:16:06.492Z","level":"WARN","actor":1,"action":"PROCTOR_VIOLATION","attemptId":10,"warningCount":1,"violationType":"UNKNOWN","terminate":false}
{"timestamp":"2026-04-24T21:16:13.475Z","level":"AUDIT","actor":1,"action":"EXAM_SUBMIT","examId":5,"score":100,"correct":1,"total":1}
{"timestamp":"2026-04-25T14:22:52.520Z","level":"WARN","actor":"SYSTEM","action":"AUTH_FAILED","reason":"Token verification failed","error":"invalid signature","path":"/notifications"}
{"timestamp":"2026-04-25T15:07:42.284Z","level":"AUDIT","actor":2,"action":"EXAM_BULK_ASSIGN","examId":"6","count":2,"filters":{}}
{"timestamp":"2026-04-25T15:18:52.031Z","level":"WARN","actor":"SYSTEM","action":"AUTH_FAILED","reason":"Missing or malformed Authorization header","path":"/materials"}
{"timestamp":"2026-04-25T15:18:52.046Z","level":"WARN","actor":"SYSTEM","action":"AUTH_FAILED","reason":"Missing or malformed Authorization header","path":"/materials"}
{"timestamp":"2026-04-25T15:24:12.335Z","level":"AUDIT","actor":2,"action":"EXAM_BULK_ASSIGN","examId":"7","count":2,"filters":{}}
{"timestamp":"2026-04-25T15:24:17.510Z","level":"WARN","actor":"SYSTEM","action":"AUTH_FAILED","reason":"Missing or malformed Authorization header","path":"/attempt/start"}
{"timestamp":"2026-04-25T15:24:17.519Z","level":"WARN","actor":"SYSTEM","action":"AUTH_FAILED","reason":"Missing or malformed Authorization header","path":"/attempt/start"}
{"timestamp":"2026-04-25T15:32:06.085Z","level":"WARN","actor":"SYSTEM","action":"AUTH_FAILED","reason":"Missing or malformed Authorization header","path":"/logout"}
{"timestamp":"2026-04-25T16:05:40.645Z","level":"AUDIT","actor":2,"action":"USERS_BULK_IMPORT","count":1,"errors":0,"totalProcessed":1}
{"timestamp":"2026-04-25T16:05:54.712Z","level":"AUDIT","actor":2,"action":"USER_UPDATE","targetUserId":5}
